<?xml version="1.0" encoding="UTF-8"?>
<!-- Generated by org.testng.reporters.JUnitReportReporter -->
<testsuite hostname="BLRW3004047" name="com.np.TestCases.SuiteOne.SuiteOneCaseTwo" tests="2" failures="0" timestamp="9 Mar 2015 14:06:36 GMT" time="47.067" errors="0">
  <testcase name="SuiteOneCaseTwoTest" time="23.802" classname="com.np.TestCases.SuiteOne.SuiteOneCaseTwo"/>
  <testcase name="SuiteOneCaseTwoTest" time="23.265" classname="com.np.TestCases.SuiteOne.SuiteOneCaseTwo"/>
</testsuite> <!-- com.np.TestCases.SuiteOne.SuiteOneCaseTwo -->
