<?xml version="1.0" encoding="UTF-8"?>
<!-- Generated by org.testng.reporters.JUnitReportReporter -->
<testsuite hostname="BLRW3004047" name="com.np.TestCases.SuiteOne.SuiteOneCaseOne" tests="2" failures="2" timestamp="9 Mar 2015 14:06:36 GMT" time="0.014" errors="0">
  <testcase name="SuiteOneCaseOneTest" time="0.011" classname="com.np.TestCases.SuiteOne.SuiteOneCaseOne"/>
  <testcase name="SuiteOneCaseOneTest" time="0.003" classname="com.np.TestCases.SuiteOne.SuiteOneCaseOne"/>
</testsuite> <!-- com.np.TestCases.SuiteOne.SuiteOneCaseOne -->
