<?xml version="1.0" encoding="UTF-8"?>
<!-- Generated by org.testng.reporters.JUnitReportReporter -->
<testsuite hostname="BLRW3004047" name="com.np.TestCases.SalesRepSuite.SuiteTwoCaseTwo" tests="2" failures="2" timestamp="10 Mar 2015 13:31:18 GMT" time="0.007" errors="0">
  <testcase name="SuiteTwoCaseTwoTest" time="0.002" classname="com.np.TestCases.SalesRepSuite.SuiteTwoCaseTwo"/>
  <testcase name="SuiteTwoCaseTwoTest" time="0.005" classname="com.np.TestCases.SalesRepSuite.SuiteTwoCaseTwo"/>
</testsuite> <!-- com.np.TestCases.SalesRepSuite.SuiteTwoCaseTwo -->
