<?xml version="1.0" encoding="UTF-8"?>
<!-- Generated by org.testng.reporters.JUnitReportReporter -->
<testsuite hostname="BLRW3004047" name="com.np.TestCases.SuiteOne.LoginCaseOne" tests="2" failures="0" timestamp="9 Mar 2015 14:28:24 GMT" time="69.672" errors="0">
  <testcase name="LoginCaseOneTest" time="35.840" classname="com.np.TestCases.SuiteOne.LoginCaseOne"/>
  <testcase name="LoginCaseOneTest" time="33.832" classname="com.np.TestCases.SuiteOne.LoginCaseOne"/>
</testsuite> <!-- com.np.TestCases.SuiteOne.LoginCaseOne -->
